<?xml version="1.0" encoding="UTF-8"?>
<testng-results ignored="0" total="1" passed="1" failed="0" skipped="0">
  <reporter-output>
  </reporter-output>
  <suite started-at="2024-05-02T04:56:51 GMT" name="Suite" finished-at="2024-05-02T04:56:54 GMT" duration-ms="3373">
    <groups>
    </groups>
    <test started-at="2024-05-02T04:56:51 GMT" name="Test" finished-at="2024-05-02T04:56:54 GMT" duration-ms="3373">
      <class name="handsOn.demoblaze.LoginTest">
        <test-method is-config="true" signature="initiateSetup()[pri:0, instance:handsOn.demoblaze.LoginTest@2e222612]" started-at="2024-05-02T04:56:51 GMT" name="initiateSetup" finished-at="2024-05-02T04:56:51 GMT" duration-ms="11" status="PASS">
          <reporter-output>
          </reporter-output>
        </test-method> <!-- initiateSetup -->
        <test-method is-config="true" signature="setup()[pri:0, instance:handsOn.demoblaze.LoginTest@2e222612]" started-at="2024-05-02T04:56:51 GMT" name="setup" finished-at="2024-05-02T04:56:53 GMT" duration-ms="2042" status="PASS">
          <reporter-output>
          </reporter-output>
        </test-method> <!-- setup -->
        <test-method signature="first_testCase()[pri:0, instance:handsOn.demoblaze.LoginTest@2e222612]" started-at="2024-05-02T04:56:53 GMT" name="first_testCase" finished-at="2024-05-02T04:56:54 GMT" duration-ms="1278" status="PASS">
          <reporter-output>
          </reporter-output>
        </test-method> <!-- first_testCase -->
      </class> <!-- handsOn.demoblaze.LoginTest -->
    </test> <!-- Test -->
  </suite> <!-- Suite -->
</testng-results>
